Build started 17.1.2017 г. 21:50:27 ч..
     1>Project "D:\RAZNI\C++\Visual_Studio\CPlusPlus_TESTS\Factoriel_Solved_With_While\Factoriel_Solved_With_While\Factoriel_Solved_With_While.vcxproj" on node 2 (build target(s)).
     1>InitializeBuildStatus:
         Creating "Debug\Factoriel_Solved_With_While.unsuccessfulbuild" because "AlwaysCreate" was specified.
       ClCompile:
         All outputs are up-to-date.
         C:\Program Files (x86)\Microsoft Visual Studio 10.0\VC\bin\CL.exe /c /ZI /nologo /W3 /WX- /Od /Oy- /D WIN32 /D _DEBUG /D _CONSOLE /D _UNICODE /D UNICODE /Gm /EHsc /RTC1 /MDd /GS /fp:precise /Zc:wchar_t /Zc:forScope /Yu"StdAfx.h" /Fp"Debug\Factoriel_Solved_With_While.pch" /Fo"Debug\\" /Fd"Debug\vc100.pdb" /Gd /TP /analyze- /errorReport:prompt Factoriel_Solved_With_While.cpp
         Factoriel_Solved_With_While.cpp
       ManifestResourceCompile:
         All outputs are up-to-date.
       Link:
         C:\Program Files (x86)\Microsoft Visual Studio 10.0\VC\bin\link.exe /ERRORREPORT:PROMPT /OUT:"D:\RAZNI\C++\Visual_Studio\CPlusPlus_TESTS\Factoriel_Solved_With_While\Debug\Factoriel_Solved_With_While.exe" /INCREMENTAL /NOLOGO kernel32.lib user32.lib gdi32.lib winspool.lib comdlg32.lib advapi32.lib shell32.lib ole32.lib oleaut32.lib uuid.lib odbc32.lib odbccp32.lib /MANIFEST /ManifestFile:"Debug\Factoriel_Solved_With_While.exe.intermediate.manifest" /MANIFESTUAC:"level='asInvoker' uiAccess='false'" /DEBUG /PDB:"D:\RAZNI\C++\Visual_Studio\CPlusPlus_TESTS\Factoriel_Solved_With_While\Debug\Factoriel_Solved_With_While.pdb" /SUBSYSTEM:CONSOLE /TLBID:1 /DYNAMICBASE /NXCOMPAT /IMPLIB:"D:\RAZNI\C++\Visual_Studio\CPlusPlus_TESTS\Factoriel_Solved_With_While\Debug\Factoriel_Solved_With_While.lib" /MACHINE:X86 Debug\Factoriel_Solved_With_While.exe.embed.manifest.res
         Debug\Factoriel_Solved_With_While.obj
         Debug\stdafx.obj
       Manifest:
         C:\Program Files (x86)\Microsoft SDKs\Windows\v7.0A\bin\mt.exe /nologo /verbose /out:"Debug\Factoriel_Solved_With_While.exe.embed.manifest" /manifest Debug\Factoriel_Solved_With_While.exe.intermediate.manifest
         All outputs are up-to-date.
       LinkEmbedManifest:
         All outputs are up-to-date.
         Factoriel_Solved_With_While.vcxproj -> D:\RAZNI\C++\Visual_Studio\CPlusPlus_TESTS\Factoriel_Solved_With_While\Debug\Factoriel_Solved_With_While.exe
       FinalizeBuildStatus:
         Deleting file "Debug\Factoriel_Solved_With_While.unsuccessfulbuild".
         Touching "Debug\Factoriel_Solved_With_While.lastbuildstate".
     1>Done Building Project "D:\RAZNI\C++\Visual_Studio\CPlusPlus_TESTS\Factoriel_Solved_With_While\Factoriel_Solved_With_While\Factoriel_Solved_With_While.vcxproj" (build target(s)).

Build succeeded.

Time Elapsed 00:00:02.18
