Build started 11.1.2017 г. 22:43:28 ч..
     1>Project "D:\RAZNI\C++\Visual_Studio\CPlusPlus_TESTS\Calculate_every_Nth_Element\Calculate_every_Nth_Element\Calculate_every_Nth_Element.vcxproj" on node 2 (build target(s)).
     1>InitializeBuildStatus:
         Creating "Debug\Calculate_every_Nth_Element.unsuccessfulbuild" because "AlwaysCreate" was specified.
       ClCompile:
         All outputs are up-to-date.
         C:\Program Files (x86)\Microsoft Visual Studio 10.0\VC\bin\CL.exe /c /ZI /nologo /W3 /WX- /Od /Oy- /D WIN32 /D _DEBUG /D _CONSOLE /D _UNICODE /D UNICODE /Gm /EHsc /RTC1 /MDd /GS /fp:precise /Zc:wchar_t /Zc:forScope /Yu"StdAfx.h" /Fp"Debug\Calculate_every_Nth_Element.pch" /Fo"Debug\\" /Fd"Debug\vc100.pdb" /Gd /TP /analyze- /errorReport:prompt Calculate_every_Nth_Element.cpp
         Calculate_every_Nth_Element.cpp
       ManifestResourceCompile:
         All outputs are up-to-date.
       Link:
         C:\Program Files (x86)\Microsoft Visual Studio 10.0\VC\bin\link.exe /ERRORREPORT:PROMPT /OUT:"D:\RAZNI\C++\Visual_Studio\CPlusPlus_TESTS\Calculate_every_Nth_Element\Debug\Calculate_every_Nth_Element.exe" /INCREMENTAL /NOLOGO kernel32.lib user32.lib gdi32.lib winspool.lib comdlg32.lib advapi32.lib shell32.lib ole32.lib oleaut32.lib uuid.lib odbc32.lib odbccp32.lib /MANIFEST /ManifestFile:"Debug\Calculate_every_Nth_Element.exe.intermediate.manifest" /MANIFESTUAC:"level='asInvoker' uiAccess='false'" /DEBUG /PDB:"D:\RAZNI\C++\Visual_Studio\CPlusPlus_TESTS\Calculate_every_Nth_Element\Debug\Calculate_every_Nth_Element.pdb" /SUBSYSTEM:CONSOLE /TLBID:1 /DYNAMICBASE /NXCOMPAT /IMPLIB:"D:\RAZNI\C++\Visual_Studio\CPlusPlus_TESTS\Calculate_every_Nth_Element\Debug\Calculate_every_Nth_Element.lib" /MACHINE:X86 Debug\Calculate_every_Nth_Element.exe.embed.manifest.res
         Debug\Calculate_every_Nth_Element.obj
         Debug\stdafx.obj
       Manifest:
         C:\Program Files (x86)\Microsoft SDKs\Windows\v7.0A\bin\mt.exe /nologo /verbose /out:"Debug\Calculate_every_Nth_Element.exe.embed.manifest" /manifest Debug\Calculate_every_Nth_Element.exe.intermediate.manifest
         All outputs are up-to-date.
       LinkEmbedManifest:
         All outputs are up-to-date.
         Calculate_every_Nth_Element.vcxproj -> D:\RAZNI\C++\Visual_Studio\CPlusPlus_TESTS\Calculate_every_Nth_Element\Debug\Calculate_every_Nth_Element.exe
       FinalizeBuildStatus:
         Deleting file "Debug\Calculate_every_Nth_Element.unsuccessfulbuild".
         Touching "Debug\Calculate_every_Nth_Element.lastbuildstate".
     1>Done Building Project "D:\RAZNI\C++\Visual_Studio\CPlusPlus_TESTS\Calculate_every_Nth_Element\Calculate_every_Nth_Element\Calculate_every_Nth_Element.vcxproj" (build target(s)).

Build succeeded.

Time Elapsed 00:00:02.48
