Build started 23.2.2017 г. 00:12:03 ч..
     1>Project "D:\RAZNI\C++\Visual_Studio\CPlusPlus_TESTS\Draw_Figure\Draw_Figure.vcxproj" on node 2 (build target(s)).
     1>InitializeBuildStatus:
         Creating "Debug\Draw_Figure.unsuccessfulbuild" because "AlwaysCreate" was specified.
       ClCompile:
         All outputs are up-to-date.
         C:\Program Files (x86)\Microsoft Visual Studio 10.0\VC\bin\CL.exe /c /ZI /nologo /W3 /WX- /Od /Oy- /D WIN32 /D _DEBUG /D _CONSOLE /D _UNICODE /D UNICODE /Gm /EHsc /RTC1 /MDd /GS /fp:precise /Zc:wchar_t /Zc:forScope /Yu"StdAfx.h" /Fp"Debug\Draw_Figure.pch" /Fo"Debug\\" /Fd"Debug\vc100.pdb" /Gd /TP /analyze- /errorReport:prompt Draw_Figure.cpp
         Draw_Figure.cpp
     1>d:\razni\c++\visual_studio\cplusplus_tests\draw_figure\draw_figure.cpp(11): warning C4101: 'n' : unreferenced local variable
     1>d:\razni\c++\visual_studio\cplusplus_tests\draw_figure\draw_figure.cpp(11): warning C4101: 'l' : unreferenced local variable
       ManifestResourceCompile:
         All outputs are up-to-date.
       Link:
         C:\Program Files (x86)\Microsoft Visual Studio 10.0\VC\bin\link.exe /ERRORREPORT:PROMPT /OUT:"D:\RAZNI\C++\Visual_Studio\CPlusPlus_TESTS\Draw_Figure\Debug\Draw_Figure.exe" /INCREMENTAL /NOLOGO kernel32.lib user32.lib gdi32.lib winspool.lib comdlg32.lib advapi32.lib shell32.lib ole32.lib oleaut32.lib uuid.lib odbc32.lib odbccp32.lib /MANIFEST /ManifestFile:"Debug\Draw_Figure.exe.intermediate.manifest" /MANIFESTUAC:"level='asInvoker' uiAccess='false'" /DEBUG /PDB:"D:\RAZNI\C++\Visual_Studio\CPlusPlus_TESTS\Draw_Figure\Debug\Draw_Figure.pdb" /SUBSYSTEM:CONSOLE /TLBID:1 /DYNAMICBASE /NXCOMPAT /IMPLIB:"D:\RAZNI\C++\Visual_Studio\CPlusPlus_TESTS\Draw_Figure\Debug\Draw_Figure.lib" /MACHINE:X86 Debug\Draw_Figure.exe.embed.manifest.res
         Debug\Draw_Figure.obj
         Debug\stdafx.obj
       Manifest:
         C:\Program Files (x86)\Microsoft SDKs\Windows\v7.0A\bin\mt.exe /nologo /verbose /out:"Debug\Draw_Figure.exe.embed.manifest" /manifest Debug\Draw_Figure.exe.intermediate.manifest
         All outputs are up-to-date.
       LinkEmbedManifest:
         All outputs are up-to-date.
         Draw_Figure.vcxproj -> D:\RAZNI\C++\Visual_Studio\CPlusPlus_TESTS\Draw_Figure\Debug\Draw_Figure.exe
       FinalizeBuildStatus:
         Deleting file "Debug\Draw_Figure.unsuccessfulbuild".
         Touching "Debug\Draw_Figure.lastbuildstate".
     1>Done Building Project "D:\RAZNI\C++\Visual_Studio\CPlusPlus_TESTS\Draw_Figure\Draw_Figure.vcxproj" (build target(s)).

Build succeeded.

Time Elapsed 00:00:02.73
