Build started 17.1.2017 г. 20:57:33 ч..
     1>Project "D:\RAZNI\C++\Visual_Studio\CPlusPlus_TESTS\Equation_Solving\Equation_Solving\Equation_Solving.vcxproj" on node 2 (build target(s)).
     1>InitializeBuildStatus:
         Creating "Debug\Equation_Solving.unsuccessfulbuild" because "AlwaysCreate" was specified.
       ClCompile:
         All outputs are up-to-date.
         C:\Program Files (x86)\Microsoft Visual Studio 10.0\VC\bin\CL.exe /c /ZI /nologo /W3 /WX- /Od /Oy- /D WIN32 /D _DEBUG /D _CONSOLE /D _UNICODE /D UNICODE /Gm /EHsc /RTC1 /MDd /GS /fp:precise /Zc:wchar_t /Zc:forScope /Yu"StdAfx.h" /Fp"Debug\Equation_Solving.pch" /Fo"Debug\\" /Fd"Debug\vc100.pdb" /Gd /TP /analyze- /errorReport:prompt Equation_Solving.cpp
         Equation_Solving.cpp
       ManifestResourceCompile:
         All outputs are up-to-date.
       Link:
         C:\Program Files (x86)\Microsoft Visual Studio 10.0\VC\bin\link.exe /ERRORREPORT:PROMPT /OUT:"D:\RAZNI\C++\Visual_Studio\CPlusPlus_TESTS\Equation_Solving\Debug\Equation_Solving.exe" /INCREMENTAL /NOLOGO kernel32.lib user32.lib gdi32.lib winspool.lib comdlg32.lib advapi32.lib shell32.lib ole32.lib oleaut32.lib uuid.lib odbc32.lib odbccp32.lib /MANIFEST /ManifestFile:"Debug\Equation_Solving.exe.intermediate.manifest" /MANIFESTUAC:"level='asInvoker' uiAccess='false'" /DEBUG /PDB:"D:\RAZNI\C++\Visual_Studio\CPlusPlus_TESTS\Equation_Solving\Debug\Equation_Solving.pdb" /SUBSYSTEM:CONSOLE /TLBID:1 /DYNAMICBASE /NXCOMPAT /IMPLIB:"D:\RAZNI\C++\Visual_Studio\CPlusPlus_TESTS\Equation_Solving\Debug\Equation_Solving.lib" /MACHINE:X86 Debug\Equation_Solving.exe.embed.manifest.res
         Debug\Equation_Solving.obj
         Debug\stdafx.obj
       Manifest:
         C:\Program Files (x86)\Microsoft SDKs\Windows\v7.0A\bin\mt.exe /nologo /verbose /out:"Debug\Equation_Solving.exe.embed.manifest" /manifest Debug\Equation_Solving.exe.intermediate.manifest
         All outputs are up-to-date.
       LinkEmbedManifest:
         All outputs are up-to-date.
         Equation_Solving.vcxproj -> D:\RAZNI\C++\Visual_Studio\CPlusPlus_TESTS\Equation_Solving\Debug\Equation_Solving.exe
       FinalizeBuildStatus:
         Deleting file "Debug\Equation_Solving.unsuccessfulbuild".
         Touching "Debug\Equation_Solving.lastbuildstate".
     1>Done Building Project "D:\RAZNI\C++\Visual_Studio\CPlusPlus_TESTS\Equation_Solving\Equation_Solving\Equation_Solving.vcxproj" (build target(s)).

Build succeeded.

Time Elapsed 00:00:02.35
